<?xml version="1.0" encoding="UTF-8"?>
<coverage generated="1614954861">
  <project timestamp="1614954861">
    <package name="PinkCrab\Plugin_Boilerplate_Builder\Application">
      <file name="/shared/httpd/pc_framework_seed/src/Application/PinkCrabPluginBuilder.php">
        <class name="PinkCrab\Plugin_Boilerplate_Builder\Application\PinkCrabPluginBuilder" namespace="PinkCrab\Plugin_Boilerplate_Builder\Application">
          <metrics complexity="4" methods="4" coveredmethods="4" conditionals="0" coveredconditionals="0" statements="13" coveredstatements="13" elements="17" coveredelements="17"/>
        </class>
        <line num="32" type="method" name="__construct" visibility="public" complexity="1" crap="1" count="3"/>
        <line num="34" type="stmt" count="3"/>
        <line num="35" type="stmt" count="3"/>
        <line num="36" type="stmt" count="3"/>
        <line num="37" type="stmt" count="3"/>
        <line num="44" type="method" name="createContainer" visibility="protected" complexity="1" crap="1" count="3"/>
        <line num="46" type="stmt" count="3"/>
        <line num="47" type="stmt" count="3"/>
        <line num="49" type="stmt" count="3"/>
        <line num="50" type="stmt" count="3"/>
        <line num="51" type="stmt" count="3"/>
        <line num="54" type="stmt" count="3"/>
        <line num="55" type="stmt" count="3"/>
        <line num="63" type="method" name="settings" visibility="public" complexity="1" crap="1" count="1"/>
        <line num="65" type="stmt" count="1"/>
        <line num="73" type="method" name="pluginDetails" visibility="public" complexity="1" crap="1" count="1"/>
        <line num="75" type="stmt" count="1"/>
        <metrics loc="77" ncloc="47" classes="1" methods="4" coveredmethods="4" conditionals="0" coveredconditionals="0" statements="13" coveredstatements="13" elements="17" coveredelements="17"/>
      </file>
      <file name="/shared/httpd/pc_framework_seed/src/Application/Settings.php">
        <class name="PinkCrab\Plugin_Boilerplate_Builder\Application\Settings" namespace="PinkCrab\Plugin_Boilerplate_Builder\Application">
          <metrics complexity="16" methods="16" coveredmethods="16" conditionals="0" coveredconditionals="0" statements="24" coveredstatements="24" elements="40" coveredelements="40"/>
        </class>
        <line num="48" type="method" name="getBasePath" visibility="public" complexity="1" crap="1" count="1"/>
        <line num="50" type="stmt" count="1"/>
        <line num="58" type="method" name="setBasePath" visibility="public" complexity="1" crap="1" count="1"/>
        <line num="60" type="stmt" count="1"/>
        <line num="61" type="stmt" count="1"/>
        <line num="68" type="method" name="getTempPath" visibility="public" complexity="1" crap="1" count="1"/>
        <line num="70" type="stmt" count="1"/>
        <line num="78" type="method" name="setTempPath" visibility="public" complexity="1" crap="1" count="1"/>
        <line num="80" type="stmt" count="1"/>
        <line num="81" type="stmt" count="1"/>
        <line num="87" type="method" name="getRepoUri" visibility="public" complexity="1" crap="1" count="1"/>
        <line num="89" type="stmt" count="1"/>
        <line num="97" type="method" name="setRepoUri" visibility="public" complexity="1" crap="1" count="1"/>
        <line num="99" type="stmt" count="1"/>
        <line num="100" type="stmt" count="1"/>
        <line num="106" type="method" name="getRepoBranch" visibility="public" complexity="1" crap="1" count="1"/>
        <line num="108" type="stmt" count="1"/>
        <line num="116" type="method" name="setRepoBranch" visibility="public" complexity="1" crap="1" count="1"/>
        <line num="118" type="stmt" count="1"/>
        <line num="119" type="stmt" count="1"/>
        <line num="126" type="method" name="getExcludedFiles" visibility="public" complexity="1" crap="1" count="1"/>
        <line num="128" type="stmt" count="1"/>
        <line num="136" type="method" name="setExcludedFiles" visibility="public" complexity="1" crap="1" count="1"/>
        <line num="138" type="stmt" count="1"/>
        <line num="139" type="stmt" count="1"/>
        <line num="146" type="method" name="getExcludedDirectories" visibility="public" complexity="1" crap="1" count="1"/>
        <line num="148" type="stmt" count="1"/>
        <line num="156" type="method" name="setExcludedDirectories" visibility="public" complexity="1" crap="1" count="1"/>
        <line num="158" type="stmt" count="1"/>
        <line num="159" type="stmt" count="1"/>
        <line num="167" type="method" name="getAppName" visibility="public" complexity="1" crap="1" count="4"/>
        <line num="169" type="stmt" count="4"/>
        <line num="178" type="method" name="setAppName" visibility="public" complexity="1" crap="1" count="1"/>
        <line num="180" type="stmt" count="1"/>
        <line num="181" type="stmt" count="1"/>
        <line num="189" type="method" name="getAppVersion" visibility="public" complexity="1" crap="1" count="4"/>
        <line num="191" type="stmt" count="4"/>
        <line num="200" type="method" name="setAppVersion" visibility="public" complexity="1" crap="1" count="1"/>
        <line num="202" type="stmt" count="1"/>
        <line num="203" type="stmt" count="1"/>
        <metrics loc="205" ncloc="104" classes="1" methods="16" coveredmethods="16" conditionals="0" coveredconditionals="0" statements="24" coveredstatements="24" elements="40" coveredelements="40"/>
      </file>
    </package>
    <package name="PinkCrab\Plugin_Boilerplate_Builder\Builder">
      <file name="/shared/httpd/pc_framework_seed/src/Builder/PluginBuilder.php">
        <class name="PinkCrab\Plugin_Boilerplate_Builder\Builder\PluginBuilder" namespace="PinkCrab\Plugin_Boilerplate_Builder\Builder">
          <metrics complexity="6" methods="4" coveredmethods="0" conditionals="0" coveredconditionals="0" statements="16" coveredstatements="0" elements="20" coveredelements="0"/>
        </class>
        <line num="22" type="method" name="__construct" visibility="public" complexity="1" crap="2.00" count="0"/>
        <line num="24" type="stmt" count="0"/>
        <line num="25" type="stmt" count="0"/>
        <line num="34" type="method" name="askQuestions" visibility="public" complexity="3" crap="12.00" count="0"/>
        <line num="39" type="stmt" count="0"/>
        <line num="40" type="stmt" count="0"/>
        <line num="42" type="stmt" count="0"/>
        <line num="43" type="stmt" count="0"/>
        <line num="49" type="stmt" count="0"/>
        <line num="50" type="stmt" count="0"/>
        <line num="51" type="stmt" count="0"/>
        <line num="53" type="stmt" count="0"/>
        <line num="60" type="method" name="hasErrors" visibility="public" complexity="1" crap="2.00" count="0"/>
        <line num="62" type="stmt" count="0"/>
        <line num="70" type="method" name="getErrors" visibility="public" complexity="1" crap="2.00" count="0"/>
        <line num="72" type="stmt" count="0"/>
        <line num="73" type="stmt" count="0"/>
        <line num="74" type="stmt" count="0"/>
        <line num="75" type="stmt" count="0"/>
        <line num="76" type="stmt" count="0"/>
        <metrics loc="78" ncloc="55" classes="1" methods="4" coveredmethods="0" conditionals="0" coveredconditionals="0" statements="16" coveredstatements="0" elements="20" coveredelements="0"/>
      </file>
      <file name="/shared/httpd/pc_framework_seed/src/Builder/PluginDetails.php">
        <class name="PinkCrab\Plugin_Boilerplate_Builder\Builder\PluginDetails" namespace="PinkCrab\Plugin_Boilerplate_Builder\Builder">
          <metrics complexity="30" methods="28" coveredmethods="28" conditionals="0" coveredconditionals="0" statements="50" coveredstatements="50" elements="78" coveredelements="78"/>
        </class>
        <line num="75" type="method" name="toArray" visibility="public" complexity="2" crap="2" count="1"/>
        <line num="77" type="stmt" count="1"/>
        <line num="78" type="stmt" count="1"/>
        <line num="79" type="stmt" count="1"/>
        <line num="82" type="stmt" count="1"/>
        <line num="83" type="stmt" count="1"/>
        <line num="84" type="stmt" count="1"/>
        <line num="86" type="stmt" count="1"/>
        <line num="97" type="method" name="setResponse" visibility="public" complexity="2" crap="2" count="2"/>
        <line num="99" type="stmt" count="2"/>
        <line num="100" type="stmt" count="1"/>
        <line num="103" type="stmt" count="1"/>
        <line num="104" type="stmt" count="1"/>
        <line num="110" type="method" name="getPrimaryNamespace" visibility="public" complexity="1" crap="1" count="1"/>
        <line num="112" type="stmt" count="1"/>
        <line num="119" type="method" name="getPluginName" visibility="public" complexity="1" crap="1" count="1"/>
        <line num="121" type="stmt" count="1"/>
        <line num="128" type="method" name="getPluginUrl" visibility="public" complexity="1" crap="1" count="1"/>
        <line num="130" type="stmt" count="1"/>
        <line num="137" type="method" name="getPluginDescription" visibility="public" complexity="1" crap="1" count="1"/>
        <line num="139" type="stmt" count="1"/>
        <line num="146" type="method" name="getPluginTextdomain" visibility="public" complexity="1" crap="1" count="1"/>
        <line num="148" type="stmt" count="1"/>
        <line num="155" type="method" name="getPluginVersion" visibility="public" complexity="1" crap="1" count="1"/>
        <line num="157" type="stmt" count="1"/>
        <line num="164" type="method" name="getAuthorName" visibility="public" complexity="1" crap="1" count="1"/>
        <line num="166" type="stmt" count="1"/>
        <line num="173" type="method" name="getAuthorEmail" visibility="public" complexity="1" crap="1" count="1"/>
        <line num="175" type="stmt" count="1"/>
        <line num="182" type="method" name="getAuthorUrl" visibility="public" complexity="1" crap="1" count="1"/>
        <line num="184" type="stmt" count="1"/>
        <line num="191" type="method" name="getWPNamespace" visibility="public" complexity="1" crap="1" count="1"/>
        <line num="193" type="stmt" count="1"/>
        <line num="200" type="method" name="getScoperPrefix" visibility="public" complexity="1" crap="1" count="1"/>
        <line num="202" type="stmt" count="1"/>
        <line num="209" type="method" name="getComposerName" visibility="public" complexity="1" crap="1" count="1"/>
        <line num="211" type="stmt" count="1"/>
        <line num="218" type="method" name="getAutoloadDevPrefix" visibility="public" complexity="1" crap="1" count="2"/>
        <line num="220" type="stmt" count="2"/>
        <line num="229" type="method" name="setPluginName" visibility="public" complexity="1" crap="1" count="2"/>
        <line num="231" type="stmt" count="2"/>
        <line num="232" type="stmt" count="2"/>
        <line num="241" type="method" name="setPluginUrl" visibility="public" complexity="1" crap="1" count="1"/>
        <line num="243" type="stmt" count="1"/>
        <line num="244" type="stmt" count="1"/>
        <line num="253" type="method" name="setPluginDescription" visibility="public" complexity="1" crap="1" count="1"/>
        <line num="255" type="stmt" count="1"/>
        <line num="256" type="stmt" count="1"/>
        <line num="265" type="method" name="setPluginTextdomain" visibility="public" complexity="1" crap="1" count="1"/>
        <line num="267" type="stmt" count="1"/>
        <line num="268" type="stmt" count="1"/>
        <line num="277" type="method" name="setPluginVersion" visibility="public" complexity="1" crap="1" count="1"/>
        <line num="279" type="stmt" count="1"/>
        <line num="280" type="stmt" count="1"/>
        <line num="289" type="method" name="setAuthorName" visibility="public" complexity="1" crap="1" count="1"/>
        <line num="291" type="stmt" count="1"/>
        <line num="292" type="stmt" count="1"/>
        <line num="301" type="method" name="setAuthorEmail" visibility="public" complexity="1" crap="1" count="1"/>
        <line num="303" type="stmt" count="1"/>
        <line num="304" type="stmt" count="1"/>
        <line num="313" type="method" name="setAuthorUrl" visibility="public" complexity="1" crap="1" count="1"/>
        <line num="315" type="stmt" count="1"/>
        <line num="316" type="stmt" count="1"/>
        <line num="325" type="method" name="setPrimaryNamespace" visibility="public" complexity="1" crap="1" count="1"/>
        <line num="327" type="stmt" count="1"/>
        <line num="328" type="stmt" count="1"/>
        <line num="337" type="method" name="setWPNamespace" visibility="public" complexity="1" crap="1" count="1"/>
        <line num="339" type="stmt" count="1"/>
        <line num="340" type="stmt" count="1"/>
        <line num="349" type="method" name="setScoperPrefix" visibility="public" complexity="1" crap="1" count="1"/>
        <line num="351" type="stmt" count="1"/>
        <line num="352" type="stmt" count="1"/>
        <line num="361" type="method" name="setComposerName" visibility="public" complexity="1" crap="1" count="1"/>
        <line num="363" type="stmt" count="1"/>
        <line num="364" type="stmt" count="1"/>
        <line num="373" type="method" name="setAutoloadDevPrefix" visibility="public" complexity="1" crap="1" count="2"/>
        <line num="375" type="stmt" count="2"/>
        <line num="376" type="stmt" count="2"/>
        <metrics loc="378" ncloc="191" classes="1" methods="28" coveredmethods="28" conditionals="0" coveredconditionals="0" statements="50" coveredstatements="50" elements="78" coveredelements="78"/>
      </file>
      <file name="/shared/httpd/pc_framework_seed/src/Builder/PluginSetting.php">
        <class name="PinkCrab\Plugin_Boilerplate_Builder\Builder\PluginSetting" namespace="PinkCrab\Plugin_Boilerplate_Builder\Builder">
          <metrics complexity="22" methods="19" coveredmethods="19" conditionals="0" coveredconditionals="0" statements="39" coveredstatements="39" elements="58" coveredelements="58"/>
        </class>
        <line num="44" type="method" name="__construct" visibility="public" complexity="1" crap="1" count="24"/>
        <line num="46" type="stmt" count="24"/>
        <line num="47" type="stmt" count="24"/>
        <line num="55" type="method" name="withResponse" visibility="public" complexity="1" crap="1" count="3"/>
        <line num="57" type="stmt" count="3"/>
        <line num="58" type="stmt" count="3"/>
        <line num="59" type="stmt" count="3"/>
        <line num="68" type="method" name="setResponse" visibility="protected" complexity="4" crap="4" count="3"/>
        <line num="72" type="stmt" count="3"/>
        <line num="73" type="stmt" count="3"/>
        <line num="75" type="stmt" count="1"/>
        <line num="76" type="stmt" count="1"/>
        <line num="77" type="stmt" count="1"/>
        <line num="78" type="stmt" count="1"/>
        <line num="82" type="stmt" count="1"/>
        <line num="85" type="stmt" count="3"/>
        <line num="86" type="stmt" count="1"/>
        <line num="87" type="stmt" count="2"/>
        <line num="89" type="stmt" count="3"/>
        <line num="97" type="method" name="getResponse" visibility="public" complexity="1" crap="1" count="2"/>
        <line num="99" type="stmt" count="2"/>
        <line num="105" type="method" name="getQuestion" visibility="public" complexity="1" crap="1" count="1"/>
        <line num="107" type="stmt" count="1"/>
        <line num="115" type="method" name="question" visibility="public" complexity="1" crap="1" count="1"/>
        <line num="117" type="stmt" count="1"/>
        <line num="118" type="stmt" count="1"/>
        <line num="121" type="method" name="hasSubline" visibility="public" complexity="1" crap="1" count="2"/>
        <line num="123" type="stmt" count="2"/>
        <line num="129" type="method" name="getSubLine" visibility="public" complexity="1" crap="1" count="2"/>
        <line num="131" type="stmt" count="2"/>
        <line num="139" type="method" name="subLine" visibility="public" complexity="1" crap="1" count="1"/>
        <line num="141" type="stmt" count="1"/>
        <line num="142" type="stmt" count="1"/>
        <line num="148" type="method" name="getRequired" visibility="public" complexity="1" crap="1" count="1"/>
        <line num="150" type="stmt" count="1"/>
        <line num="159" type="method" name="required" visibility="public" complexity="1" crap="1" count="1"/>
        <line num="161" type="stmt" count="1"/>
        <line num="162" type="stmt" count="1"/>
        <line num="168" type="method" name="getPlaceholder" visibility="public" complexity="1" crap="1" count="1"/>
        <line num="170" type="stmt" count="1"/>
        <line num="178" type="method" name="placeholder" visibility="public" complexity="1" crap="1" count="1"/>
        <line num="180" type="stmt" count="1"/>
        <line num="181" type="stmt" count="1"/>
        <line num="190" type="method" name="validation" visibility="public" complexity="1" crap="1" count="1"/>
        <line num="192" type="stmt" count="1"/>
        <line num="193" type="stmt" count="1"/>
        <line num="202" type="method" name="formatting" visibility="public" complexity="1" crap="1" count="1"/>
        <line num="204" type="stmt" count="1"/>
        <line num="205" type="stmt" count="1"/>
        <line num="211" type="method" name="getHandle" visibility="public" complexity="1" crap="1" count="1"/>
        <line num="213" type="stmt" count="1"/>
        <line num="219" type="method" name="hasError" visibility="public" complexity="1" crap="1" count="2"/>
        <line num="221" type="stmt" count="2"/>
        <line num="227" type="method" name="getError" visibility="public" complexity="1" crap="1" count="2"/>
        <line num="229" type="stmt" count="2"/>
        <line num="237" type="method" name="error" visibility="public" complexity="1" crap="1" count="2"/>
        <line num="239" type="stmt" count="2"/>
        <line num="240" type="stmt" count="2"/>
        <metrics loc="242" ncloc="139" classes="1" methods="19" coveredmethods="19" conditionals="0" coveredconditionals="0" statements="39" coveredstatements="39" elements="58" coveredelements="58"/>
      </file>
    </package>
    <file name="/shared/httpd/pc_framework_seed/src/Builder/PluginFileTranslator.php">
      <metrics loc="0" ncloc="0" classes="0" methods="0" coveredmethods="0" conditionals="0" coveredconditionals="0" statements="0" coveredstatements="0" elements="0" coveredelements="0"/>
    </file>
    <package name="PinkCrab\Plugin_Boilerplate_Builder\Command">
      <file name="/shared/httpd/pc_framework_seed/src/Command/Build.php">
        <class name="PinkCrab\Plugin_Boilerplate_Builder\Command\Build" namespace="PinkCrab\Plugin_Boilerplate_Builder\Command">
          <metrics complexity="5" methods="3" coveredmethods="0" conditionals="0" coveredconditionals="0" statements="27" coveredstatements="0" elements="30" coveredelements="0"/>
        </class>
        <line num="27" type="method" name="__construct" visibility="public" complexity="1" crap="2.00" count="0"/>
        <line num="34" type="stmt" count="0"/>
        <line num="35" type="stmt" count="0"/>
        <line num="36" type="stmt" count="0"/>
        <line num="37" type="stmt" count="0"/>
        <line num="38" type="stmt" count="0"/>
        <line num="39" type="stmt" count="0"/>
        <line num="62" type="method" name="title" visibility="private" complexity="1" crap="2.00" count="0"/>
        <line num="66" type="stmt" count="0"/>
        <line num="67" type="stmt" count="0"/>
        <line num="78" type="method" name="__invoke" visibility="public" complexity="3" crap="12.00" count="0"/>
        <line num="82" type="stmt" count="0"/>
        <line num="84" type="stmt" count="0"/>
        <line num="85" type="stmt" count="0"/>
        <line num="88" type="stmt" count="0"/>
        <line num="89" type="stmt" count="0"/>
        <line num="91" type="stmt" count="0"/>
        <line num="95" type="stmt" count="0"/>
        <line num="96" type="stmt" count="0"/>
        <line num="97" type="stmt" count="0"/>
        <line num="98" type="stmt" count="0"/>
        <line num="100" type="stmt" count="0"/>
        <line num="101" type="stmt" count="0"/>
        <line num="102" type="stmt" count="0"/>
        <line num="106" type="stmt" count="0"/>
        <line num="107" type="stmt" count="0"/>
        <line num="108" type="stmt" count="0"/>
        <line num="109" type="stmt" count="0"/>
        <line num="110" type="stmt" count="0"/>
        <line num="113" type="stmt" count="0"/>
        <metrics loc="114" ncloc="90" classes="1" methods="3" coveredmethods="0" conditionals="0" coveredconditionals="0" statements="27" coveredstatements="0" elements="30" coveredelements="0"/>
      </file>
      <file name="/shared/httpd/pc_framework_seed/src/Command/CommandStyles.php">
        <class name="PinkCrab\Plugin_Boilerplate_Builder\Command\CommandStyles" namespace="PinkCrab\Plugin_Boilerplate_Builder\Command">
          <metrics complexity="3" methods="2" coveredmethods="0" conditionals="0" coveredconditionals="0" statements="6" coveredstatements="0" elements="8" coveredelements="0"/>
        </class>
        <line num="20" type="method" name="__construct" visibility="public" complexity="1" crap="2.00" count="0"/>
        <line num="22" type="stmt" count="0"/>
        <line num="23" type="stmt" count="0"/>
        <line num="24" type="stmt" count="0"/>
        <line num="32" type="method" name="registerStyles" visibility="public" complexity="2" crap="6.00" count="0"/>
        <line num="34" type="stmt" count="0"/>
        <line num="35" type="stmt" count="0"/>
        <line num="37" type="stmt" count="0"/>
        <metrics loc="39" ncloc="27" classes="1" methods="2" coveredmethods="0" conditionals="0" coveredconditionals="0" statements="6" coveredstatements="0" elements="8" coveredelements="0"/>
      </file>
    </package>
    <file name="/shared/httpd/pc_framework_seed/src/FileIO/FileWriter.php">
      <metrics loc="0" ncloc="0" classes="0" methods="0" coveredmethods="0" conditionals="0" coveredconditionals="0" statements="0" coveredstatements="0" elements="0" coveredelements="0"/>
    </file>
    <package name="PinkCrab\Plugin_Boilerplate_Builder\Git">
      <file name="/shared/httpd/pc_framework_seed/src/Git/Repository.php">
        <class name="PinkCrab\Plugin_Boilerplate_Builder\Git\Repository" namespace="PinkCrab\Plugin_Boilerplate_Builder\Git">
          <metrics complexity="4" methods="2" coveredmethods="0" conditionals="0" coveredconditionals="0" statements="11" coveredstatements="0" elements="13" coveredelements="0"/>
        </class>
        <line num="22" type="method" name="clone" visibility="public" complexity="2" crap="6.00" count="0"/>
        <line num="27" type="stmt" count="0"/>
        <line num="28" type="stmt" count="0"/>
        <line num="31" type="stmt" count="0"/>
        <line num="32" type="stmt" count="0"/>
        <line num="34" type="stmt" count="0"/>
        <line num="43" type="method" name="removeGitConfig" visibility="public" complexity="2" crap="6.00" count="0"/>
        <line num="45" type="stmt" count="0"/>
        <line num="46" type="stmt" count="0"/>
        <line num="47" type="stmt" count="0"/>
        <line num="48" type="stmt" count="0"/>
        <line num="49" type="stmt" count="0"/>
        <line num="51" type="stmt" count="0"/>
        <metrics loc="53" ncloc="36" classes="1" methods="2" coveredmethods="0" conditionals="0" coveredconditionals="0" statements="11" coveredstatements="0" elements="13" coveredelements="0"/>
      </file>
    </package>
    <metrics files="10" loc="1186" ncloc="689" classes="8" methods="78" coveredmethods="67" conditionals="0" coveredconditionals="0" statements="186" coveredstatements="126" elements="264" coveredelements="193"/>
  </project>
</coverage>
