<?xml version="1.0" encoding="UTF-8"?>
<coverage generated="1615207278">
  <project timestamp="1615207278">
    <file name="/shared/httpd/pc_framework_seed/htdocs/src/Application/PinkCrabPluginBuilder.php">
      <class name="PinkCrab\Plugin_Boilerplate_Builder\Application\PinkCrabPluginBuilder" namespace="global">
        <metrics complexity="4" methods="4" coveredmethods="4" conditionals="0" coveredconditionals="0" statements="13" coveredstatements="13" elements="17" coveredelements="17"/>
      </class>
      <line num="32" type="method" name="__construct" visibility="public" complexity="1" crap="1" count="3"/>
      <line num="34" type="stmt" count="3"/>
      <line num="35" type="stmt" count="3"/>
      <line num="36" type="stmt" count="3"/>
      <line num="37" type="stmt" count="3"/>
      <line num="44" type="method" name="createContainer" visibility="protected" complexity="1" crap="1" count="3"/>
      <line num="46" type="stmt" count="3"/>
      <line num="47" type="stmt" count="3"/>
      <line num="49" type="stmt" count="3"/>
      <line num="50" type="stmt" count="3"/>
      <line num="51" type="stmt" count="3"/>
      <line num="54" type="stmt" count="3"/>
      <line num="55" type="stmt" count="3"/>
      <line num="63" type="method" name="settings" visibility="public" complexity="1" crap="1" count="1"/>
      <line num="65" type="stmt" count="1"/>
      <line num="73" type="method" name="pluginDetails" visibility="public" complexity="1" crap="1" count="1"/>
      <line num="75" type="stmt" count="1"/>
      <metrics loc="77" ncloc="47" classes="1" methods="4" coveredmethods="4" conditionals="0" coveredconditionals="0" statements="13" coveredstatements="13" elements="17" coveredelements="17"/>
    </file>
    <file name="/shared/httpd/pc_framework_seed/htdocs/src/Application/Settings.php">
      <class name="PinkCrab\Plugin_Boilerplate_Builder\Application\Settings" namespace="global">
        <metrics complexity="16" methods="16" coveredmethods="16" conditionals="0" coveredconditionals="0" statements="24" coveredstatements="24" elements="40" coveredelements="40"/>
      </class>
      <line num="48" type="method" name="getBasePath" visibility="public" complexity="1" crap="1" count="1"/>
      <line num="50" type="stmt" count="1"/>
      <line num="58" type="method" name="setBasePath" visibility="public" complexity="1" crap="1" count="1"/>
      <line num="60" type="stmt" count="1"/>
      <line num="61" type="stmt" count="1"/>
      <line num="68" type="method" name="getTempPath" visibility="public" complexity="1" crap="1" count="1"/>
      <line num="70" type="stmt" count="1"/>
      <line num="78" type="method" name="setTempPath" visibility="public" complexity="1" crap="1" count="1"/>
      <line num="80" type="stmt" count="1"/>
      <line num="81" type="stmt" count="1"/>
      <line num="87" type="method" name="getRepoUri" visibility="public" complexity="1" crap="1" count="1"/>
      <line num="89" type="stmt" count="1"/>
      <line num="97" type="method" name="setRepoUri" visibility="public" complexity="1" crap="1" count="1"/>
      <line num="99" type="stmt" count="1"/>
      <line num="100" type="stmt" count="1"/>
      <line num="106" type="method" name="getRepoBranch" visibility="public" complexity="1" crap="1" count="1"/>
      <line num="108" type="stmt" count="1"/>
      <line num="116" type="method" name="setRepoBranch" visibility="public" complexity="1" crap="1" count="1"/>
      <line num="118" type="stmt" count="1"/>
      <line num="119" type="stmt" count="1"/>
      <line num="126" type="method" name="getExcludedFiles" visibility="public" complexity="1" crap="1" count="1"/>
      <line num="128" type="stmt" count="1"/>
      <line num="136" type="method" name="setExcludedFiles" visibility="public" complexity="1" crap="1" count="1"/>
      <line num="138" type="stmt" count="1"/>
      <line num="139" type="stmt" count="1"/>
      <line num="146" type="method" name="getExcludedDirectories" visibility="public" complexity="1" crap="1" count="1"/>
      <line num="148" type="stmt" count="1"/>
      <line num="156" type="method" name="setExcludedDirectories" visibility="public" complexity="1" crap="1" count="1"/>
      <line num="158" type="stmt" count="1"/>
      <line num="159" type="stmt" count="1"/>
      <line num="167" type="method" name="getAppName" visibility="public" complexity="1" crap="1" count="4"/>
      <line num="169" type="stmt" count="4"/>
      <line num="178" type="method" name="setAppName" visibility="public" complexity="1" crap="1" count="1"/>
      <line num="180" type="stmt" count="1"/>
      <line num="181" type="stmt" count="1"/>
      <line num="189" type="method" name="getAppVersion" visibility="public" complexity="1" crap="1" count="4"/>
      <line num="191" type="stmt" count="4"/>
      <line num="200" type="method" name="setAppVersion" visibility="public" complexity="1" crap="1" count="1"/>
      <line num="202" type="stmt" count="1"/>
      <line num="203" type="stmt" count="1"/>
      <metrics loc="205" ncloc="104" classes="1" methods="16" coveredmethods="16" conditionals="0" coveredconditionals="0" statements="24" coveredstatements="24" elements="40" coveredelements="40"/>
    </file>
    <file name="/shared/httpd/pc_framework_seed/htdocs/src/Builder/PluginBuilder.php">
      <class name="PinkCrab\Plugin_Boilerplate_Builder\Builder\PluginBuilder" namespace="global">
        <metrics complexity="8" methods="5" coveredmethods="3" conditionals="0" coveredconditionals="0" statements="18" coveredstatements="9" elements="23" coveredelements="12"/>
      </class>
      <line num="24" type="method" name="__construct" visibility="public" complexity="1" crap="1" count="2"/>
      <line num="26" type="stmt" count="2"/>
      <line num="27" type="stmt" count="2"/>
      <line num="36" type="method" name="askQuestions" visibility="public" complexity="3" crap="12" count="0"/>
      <line num="41" type="stmt" count="0"/>
      <line num="42" type="stmt" count="0"/>
      <line num="44" type="stmt" count="0"/>
      <line num="45" type="stmt" count="0"/>
      <line num="51" type="stmt" count="0"/>
      <line num="52" type="stmt" count="0"/>
      <line num="53" type="stmt" count="0"/>
      <line num="55" type="stmt" count="0"/>
      <line num="62" type="method" name="hasErrors" visibility="public" complexity="1" crap="1" count="1"/>
      <line num="64" type="stmt" count="1"/>
      <line num="72" type="method" name="getErrors" visibility="public" complexity="2" crap="2" count="2"/>
      <line num="74" type="stmt" count="2"/>
      <line num="75" type="stmt" count="2"/>
      <line num="76" type="stmt" count="2"/>
      <line num="77" type="stmt" count="2"/>
      <line num="78" type="stmt" count="2"/>
      <line num="79" type="stmt" count="2"/>
      <line num="85" type="method" name="pluginDetails" visibility="public" complexity="1" crap="2" count="0"/>
      <line num="87" type="stmt" count="0"/>
      <metrics loc="89" ncloc="66" classes="1" methods="5" coveredmethods="3" conditionals="0" coveredconditionals="0" statements="18" coveredstatements="9" elements="23" coveredelements="12"/>
    </file>
    <file name="/shared/httpd/pc_framework_seed/htdocs/src/Builder/PluginDetails.php">
      <class name="PinkCrab\Plugin_Boilerplate_Builder\Builder\PluginDetails" namespace="global">
        <metrics complexity="33" methods="30" coveredmethods="28" conditionals="0" coveredconditionals="0" statements="62" coveredstatements="50" elements="92" coveredelements="78"/>
      </class>
      <line num="75" type="method" name="toArray" visibility="public" complexity="2" crap="2" count="3"/>
      <line num="77" type="stmt" count="3"/>
      <line num="78" type="stmt" count="3"/>
      <line num="79" type="stmt" count="3"/>
      <line num="82" type="stmt" count="3"/>
      <line num="83" type="stmt" count="3"/>
      <line num="84" type="stmt" count="3"/>
      <line num="86" type="stmt" count="3"/>
      <line num="96" type="method" name="asTranslationArray" visibility="public" complexity="2" crap="6" count="0"/>
      <line num="98" type="stmt" count="0"/>
      <line num="99" type="stmt" count="0"/>
      <line num="100" type="stmt" count="0"/>
      <line num="101" type="stmt" count="0"/>
      <line num="102" type="stmt" count="0"/>
      <line num="103" type="stmt" count="0"/>
      <line num="104" type="stmt" count="0"/>
      <line num="105" type="stmt" count="0"/>
      <line num="106" type="stmt" count="0"/>
      <line num="120" type="method" name="asPlaceholderList" visibility="public" complexity="1" crap="2" count="0"/>
      <line num="122" type="stmt" count="0"/>
      <line num="123" type="stmt" count="0"/>
      <line num="124" type="stmt" count="0"/>
      <line num="136" type="method" name="setResponse" visibility="public" complexity="2" crap="2" count="2"/>
      <line num="138" type="stmt" count="2"/>
      <line num="139" type="stmt" count="1"/>
      <line num="142" type="stmt" count="1"/>
      <line num="143" type="stmt" count="1"/>
      <line num="149" type="method" name="getPrimaryNamespace" visibility="public" complexity="1" crap="1" count="1"/>
      <line num="151" type="stmt" count="1"/>
      <line num="158" type="method" name="getPluginName" visibility="public" complexity="1" crap="1" count="3"/>
      <line num="160" type="stmt" count="3"/>
      <line num="167" type="method" name="getPluginUrl" visibility="public" complexity="1" crap="1" count="1"/>
      <line num="169" type="stmt" count="1"/>
      <line num="176" type="method" name="getPluginDescription" visibility="public" complexity="1" crap="1" count="1"/>
      <line num="178" type="stmt" count="1"/>
      <line num="185" type="method" name="getPluginTextdomain" visibility="public" complexity="1" crap="1" count="1"/>
      <line num="187" type="stmt" count="1"/>
      <line num="194" type="method" name="getPluginVersion" visibility="public" complexity="1" crap="1" count="1"/>
      <line num="196" type="stmt" count="1"/>
      <line num="203" type="method" name="getAuthorName" visibility="public" complexity="1" crap="1" count="1"/>
      <line num="205" type="stmt" count="1"/>
      <line num="212" type="method" name="getAuthorEmail" visibility="public" complexity="1" crap="1" count="1"/>
      <line num="214" type="stmt" count="1"/>
      <line num="221" type="method" name="getAuthorUrl" visibility="public" complexity="1" crap="1" count="1"/>
      <line num="223" type="stmt" count="1"/>
      <line num="230" type="method" name="getWPNamespace" visibility="public" complexity="1" crap="1" count="1"/>
      <line num="232" type="stmt" count="1"/>
      <line num="239" type="method" name="getScoperPrefix" visibility="public" complexity="1" crap="1" count="1"/>
      <line num="241" type="stmt" count="1"/>
      <line num="248" type="method" name="getComposerName" visibility="public" complexity="1" crap="1" count="1"/>
      <line num="250" type="stmt" count="1"/>
      <line num="257" type="method" name="getAutoloadDevPrefix" visibility="public" complexity="1" crap="1" count="2"/>
      <line num="259" type="stmt" count="2"/>
      <line num="268" type="method" name="setPluginName" visibility="public" complexity="1" crap="1" count="4"/>
      <line num="270" type="stmt" count="4"/>
      <line num="271" type="stmt" count="4"/>
      <line num="280" type="method" name="setPluginUrl" visibility="public" complexity="1" crap="1" count="1"/>
      <line num="282" type="stmt" count="1"/>
      <line num="283" type="stmt" count="1"/>
      <line num="292" type="method" name="setPluginDescription" visibility="public" complexity="1" crap="1" count="1"/>
      <line num="294" type="stmt" count="1"/>
      <line num="295" type="stmt" count="1"/>
      <line num="304" type="method" name="setPluginTextdomain" visibility="public" complexity="1" crap="1" count="1"/>
      <line num="306" type="stmt" count="1"/>
      <line num="307" type="stmt" count="1"/>
      <line num="316" type="method" name="setPluginVersion" visibility="public" complexity="1" crap="1" count="1"/>
      <line num="318" type="stmt" count="1"/>
      <line num="319" type="stmt" count="1"/>
      <line num="328" type="method" name="setAuthorName" visibility="public" complexity="1" crap="1" count="1"/>
      <line num="330" type="stmt" count="1"/>
      <line num="331" type="stmt" count="1"/>
      <line num="340" type="method" name="setAuthorEmail" visibility="public" complexity="1" crap="1" count="1"/>
      <line num="342" type="stmt" count="1"/>
      <line num="343" type="stmt" count="1"/>
      <line num="352" type="method" name="setAuthorUrl" visibility="public" complexity="1" crap="1" count="1"/>
      <line num="354" type="stmt" count="1"/>
      <line num="355" type="stmt" count="1"/>
      <line num="364" type="method" name="setPrimaryNamespace" visibility="public" complexity="1" crap="1" count="1"/>
      <line num="366" type="stmt" count="1"/>
      <line num="367" type="stmt" count="1"/>
      <line num="376" type="method" name="setWPNamespace" visibility="public" complexity="1" crap="1" count="1"/>
      <line num="378" type="stmt" count="1"/>
      <line num="379" type="stmt" count="1"/>
      <line num="388" type="method" name="setScoperPrefix" visibility="public" complexity="1" crap="1" count="1"/>
      <line num="390" type="stmt" count="1"/>
      <line num="391" type="stmt" count="1"/>
      <line num="400" type="method" name="setComposerName" visibility="public" complexity="1" crap="1" count="1"/>
      <line num="402" type="stmt" count="1"/>
      <line num="403" type="stmt" count="1"/>
      <line num="412" type="method" name="setAutoloadDevPrefix" visibility="public" complexity="1" crap="1" count="2"/>
      <line num="414" type="stmt" count="2"/>
      <line num="415" type="stmt" count="2"/>
      <metrics loc="417" ncloc="215" classes="1" methods="30" coveredmethods="28" conditionals="0" coveredconditionals="0" statements="62" coveredstatements="50" elements="92" coveredelements="78"/>
    </file>
    <file name="/shared/httpd/pc_framework_seed/htdocs/src/Builder/PluginSetting.php">
      <class name="PinkCrab\Plugin_Boilerplate_Builder\Builder\PluginSetting" namespace="global">
        <metrics complexity="22" methods="19" coveredmethods="19" conditionals="0" coveredconditionals="0" statements="39" coveredstatements="39" elements="58" coveredelements="58"/>
      </class>
      <line num="44" type="method" name="__construct" visibility="public" complexity="1" crap="1" count="26"/>
      <line num="46" type="stmt" count="26"/>
      <line num="47" type="stmt" count="26"/>
      <line num="55" type="method" name="withResponse" visibility="public" complexity="1" crap="1" count="5"/>
      <line num="57" type="stmt" count="5"/>
      <line num="58" type="stmt" count="5"/>
      <line num="59" type="stmt" count="5"/>
      <line num="68" type="method" name="setResponse" visibility="protected" complexity="4" crap="4" count="5"/>
      <line num="72" type="stmt" count="5"/>
      <line num="73" type="stmt" count="5"/>
      <line num="75" type="stmt" count="3"/>
      <line num="76" type="stmt" count="3"/>
      <line num="77" type="stmt" count="3"/>
      <line num="78" type="stmt" count="3"/>
      <line num="82" type="stmt" count="3"/>
      <line num="85" type="stmt" count="3"/>
      <line num="86" type="stmt" count="1"/>
      <line num="87" type="stmt" count="2"/>
      <line num="89" type="stmt" count="3"/>
      <line num="97" type="method" name="getResponse" visibility="public" complexity="1" crap="1" count="2"/>
      <line num="99" type="stmt" count="2"/>
      <line num="105" type="method" name="getQuestion" visibility="public" complexity="1" crap="1" count="1"/>
      <line num="107" type="stmt" count="1"/>
      <line num="115" type="method" name="question" visibility="public" complexity="1" crap="1" count="3"/>
      <line num="117" type="stmt" count="3"/>
      <line num="118" type="stmt" count="3"/>
      <line num="121" type="method" name="hasSubline" visibility="public" complexity="1" crap="1" count="2"/>
      <line num="123" type="stmt" count="2"/>
      <line num="129" type="method" name="getSubLine" visibility="public" complexity="1" crap="1" count="2"/>
      <line num="131" type="stmt" count="2"/>
      <line num="139" type="method" name="subLine" visibility="public" complexity="1" crap="1" count="1"/>
      <line num="141" type="stmt" count="1"/>
      <line num="142" type="stmt" count="1"/>
      <line num="148" type="method" name="getRequired" visibility="public" complexity="1" crap="1" count="1"/>
      <line num="150" type="stmt" count="1"/>
      <line num="159" type="method" name="required" visibility="public" complexity="1" crap="1" count="3"/>
      <line num="161" type="stmt" count="3"/>
      <line num="162" type="stmt" count="3"/>
      <line num="168" type="method" name="getPlaceholder" visibility="public" complexity="1" crap="1" count="1"/>
      <line num="170" type="stmt" count="1"/>
      <line num="178" type="method" name="placeholder" visibility="public" complexity="1" crap="1" count="3"/>
      <line num="180" type="stmt" count="3"/>
      <line num="181" type="stmt" count="3"/>
      <line num="190" type="method" name="validation" visibility="public" complexity="1" crap="1" count="3"/>
      <line num="192" type="stmt" count="3"/>
      <line num="193" type="stmt" count="3"/>
      <line num="202" type="method" name="formatting" visibility="public" complexity="1" crap="1" count="3"/>
      <line num="204" type="stmt" count="3"/>
      <line num="205" type="stmt" count="3"/>
      <line num="211" type="method" name="getHandle" visibility="public" complexity="1" crap="1" count="1"/>
      <line num="213" type="stmt" count="1"/>
      <line num="219" type="method" name="hasError" visibility="public" complexity="1" crap="1" count="4"/>
      <line num="221" type="stmt" count="4"/>
      <line num="227" type="method" name="getError" visibility="public" complexity="1" crap="1" count="4"/>
      <line num="229" type="stmt" count="4"/>
      <line num="237" type="method" name="error" visibility="public" complexity="1" crap="1" count="4"/>
      <line num="239" type="stmt" count="4"/>
      <line num="240" type="stmt" count="4"/>
      <metrics loc="242" ncloc="139" classes="1" methods="19" coveredmethods="19" conditionals="0" coveredconditionals="0" statements="39" coveredstatements="39" elements="58" coveredelements="58"/>
    </file>
    <file name="/shared/httpd/pc_framework_seed/htdocs/src/Command/Build.php">
      <class name="PinkCrab\Plugin_Boilerplate_Builder\Command\Build" namespace="global">
        <metrics complexity="16" methods="8" coveredmethods="0" conditionals="0" coveredconditionals="0" statements="68" coveredstatements="0" elements="76" coveredelements="0"/>
      </class>
      <line num="34" type="method" name="__construct" visibility="public" complexity="1" crap="2" count="0"/>
      <line num="43" type="stmt" count="0"/>
      <line num="44" type="stmt" count="0"/>
      <line num="45" type="stmt" count="0"/>
      <line num="46" type="stmt" count="0"/>
      <line num="47" type="stmt" count="0"/>
      <line num="48" type="stmt" count="0"/>
      <line num="49" type="stmt" count="0"/>
      <line num="50" type="stmt" count="0"/>
      <line num="73" type="method" name="title" visibility="private" complexity="1" crap="2" count="0"/>
      <line num="77" type="stmt" count="0"/>
      <line num="78" type="stmt" count="0"/>
      <line num="88" type="method" name="__invoke" visibility="public" complexity="6" crap="42" count="0"/>
      <line num="98" type="stmt" count="0"/>
      <line num="99" type="stmt" count="0"/>
      <line num="100" type="stmt" count="0"/>
      <line num="104" type="stmt" count="0"/>
      <line num="107" type="stmt" count="0"/>
      <line num="110" type="stmt" count="0"/>
      <line num="111" type="stmt" count="0"/>
      <line num="114" type="stmt" count="0"/>
      <line num="115" type="stmt" count="0"/>
      <line num="116" type="stmt" count="0"/>
      <line num="120" type="stmt" count="0"/>
      <line num="121" type="stmt" count="0"/>
      <line num="122" type="stmt" count="0"/>
      <line num="126" type="stmt" count="0"/>
      <line num="129" type="stmt" count="0"/>
      <line num="130" type="stmt" count="0"/>
      <line num="131" type="stmt" count="0"/>
      <line num="135" type="stmt" count="0"/>
      <line num="136" type="stmt" count="0"/>
      <line num="137" type="stmt" count="0"/>
      <line num="141" type="stmt" count="0"/>
      <line num="142" type="stmt" count="0"/>
      <line num="143" type="stmt" count="0"/>
      <line num="144" type="stmt" count="0"/>
      <line num="145" type="stmt" count="0"/>
      <line num="146" type="stmt" count="0"/>
      <line num="150" type="stmt" count="0"/>
      <line num="151" type="stmt" count="0"/>
      <line num="152" type="stmt" count="0"/>
      <line num="153" type="stmt" count="0"/>
      <line num="155" type="stmt" count="0"/>
      <line num="157" type="method" name="validateCommand" visibility="public" complexity="1" crap="2" count="0"/>
      <line num="163" type="stmt" count="0"/>
      <line num="172" type="method" name="verifyPluginDetails" visibility="protected" complexity="3" crap="12" count="0"/>
      <line num="174" type="stmt" count="0"/>
      <line num="175" type="stmt" count="0"/>
      <line num="176" type="stmt" count="0"/>
      <line num="177" type="stmt" count="0"/>
      <line num="179" type="stmt" count="0"/>
      <line num="180" type="stmt" count="0"/>
      <line num="181" type="stmt" count="0"/>
      <line num="183" type="stmt" count="0"/>
      <line num="190" type="method" name="cloneRepoToTempDirectory" visibility="protected" complexity="1" crap="2" count="0"/>
      <line num="192" type="stmt" count="0"/>
      <line num="193" type="stmt" count="0"/>
      <line num="194" type="stmt" count="0"/>
      <line num="195" type="stmt" count="0"/>
      <line num="196" type="stmt" count="0"/>
      <line num="197" type="stmt" count="0"/>
      <line num="205" type="method" name="populateFiles" visibility="protected" complexity="2" crap="6" count="0"/>
      <line num="208" type="stmt" count="0"/>
      <line num="209" type="stmt" count="0"/>
      <line num="211" type="stmt" count="0"/>
      <line num="212" type="stmt" count="0"/>
      <line num="214" type="stmt" count="0"/>
      <line num="215" type="stmt" count="0"/>
      <line num="217" type="stmt" count="0"/>
      <line num="227" type="method" name="populateComposer" visibility="protected" complexity="1" crap="2" count="0"/>
      <line num="229" type="stmt" count="0"/>
      <line num="230" type="stmt" count="0"/>
      <line num="231" type="stmt" count="0"/>
      <line num="232" type="stmt" count="0"/>
      <line num="234" type="stmt" count="0"/>
      <metrics loc="237" ncloc="197" classes="1" methods="8" coveredmethods="0" conditionals="0" coveredconditionals="0" statements="68" coveredstatements="0" elements="76" coveredelements="0"/>
    </file>
    <file name="/shared/httpd/pc_framework_seed/htdocs/src/Command/CommandStyles.php">
      <class name="PinkCrab\Plugin_Boilerplate_Builder\Command\CommandStyles" namespace="global">
        <metrics complexity="5" methods="4" coveredmethods="3" conditionals="0" coveredconditionals="0" statements="9" coveredstatements="8" elements="13" coveredelements="11"/>
      </class>
      <line num="23" type="method" name="__construct" visibility="public" complexity="1" crap="1" count="2"/>
      <line num="25" type="stmt" count="2"/>
      <line num="26" type="stmt" count="2"/>
      <line num="27" type="stmt" count="2"/>
      <line num="36" type="method" name="addStyle" visibility="public" complexity="1" crap="1" count="1"/>
      <line num="38" type="stmt" count="1"/>
      <line num="39" type="stmt" count="1"/>
      <line num="48" type="method" name="registerStyles" visibility="public" complexity="2" crap="2" count="2"/>
      <line num="50" type="stmt" count="2"/>
      <line num="51" type="stmt" count="2"/>
      <line num="53" type="stmt" count="2"/>
      <line num="63" type="method" name="getStyler" visibility="public" complexity="1" crap="2" count="0"/>
      <line num="67" type="stmt" count="0"/>
      <metrics loc="69" ncloc="43" classes="1" methods="4" coveredmethods="3" conditionals="0" coveredconditionals="0" statements="9" coveredstatements="8" elements="13" coveredelements="11"/>
    </file>
    <file name="/shared/httpd/pc_framework_seed/htdocs/src/FileIO/FilePopulator.php">
      <class name="PinkCrab\Plugin_Boilerplate_Builder\FileIO\FilePopulator" namespace="global">
        <metrics complexity="7" methods="4" coveredmethods="0" conditionals="0" coveredconditionals="0" statements="18" coveredstatements="0" elements="22" coveredelements="0"/>
      </class>
      <line num="20" type="method" name="__construct" visibility="public" complexity="1" crap="2" count="0"/>
      <line num="24" type="stmt" count="0"/>
      <line num="25" type="stmt" count="0"/>
      <line num="26" type="stmt" count="0"/>
      <line num="37" type="method" name="translateFiles" visibility="public" complexity="3" crap="12" count="0"/>
      <line num="44" type="stmt" count="0"/>
      <line num="45" type="stmt" count="0"/>
      <line num="46" type="stmt" count="0"/>
      <line num="47" type="stmt" count="0"/>
      <line num="49" type="stmt" count="0"/>
      <line num="50" type="stmt" count="0"/>
      <line num="51" type="stmt" count="0"/>
      <line num="55" type="stmt" count="0"/>
      <line num="64" type="method" name="findAndPopulateFile" visibility="public" complexity="2" crap="6" count="0"/>
      <line num="69" type="stmt" count="0"/>
      <line num="70" type="stmt" count="0"/>
      <line num="71" type="stmt" count="0"/>
      <line num="73" type="stmt" count="0"/>
      <line num="83" type="method" name="populateFile" visibility="public" complexity="1" crap="2" count="0"/>
      <line num="85" type="stmt" count="0"/>
      <line num="86" type="stmt" count="0"/>
      <line num="87" type="stmt" count="0"/>
      <metrics loc="89" ncloc="63" classes="1" methods="4" coveredmethods="0" conditionals="0" coveredconditionals="0" statements="18" coveredstatements="0" elements="22" coveredelements="0"/>
    </file>
    <file name="/shared/httpd/pc_framework_seed/htdocs/src/Git/Repository.php">
      <class name="PinkCrab\Plugin_Boilerplate_Builder\Git\Repository" namespace="global">
        <metrics complexity="7" methods="4" coveredmethods="0" conditionals="0" coveredconditionals="0" statements="16" coveredstatements="0" elements="20" coveredelements="0"/>
      </class>
      <line num="24" type="method" name="__construct" visibility="public" complexity="1" crap="2" count="0"/>
      <line num="26" type="stmt" count="0"/>
      <line num="27" type="stmt" count="0"/>
      <line num="38" type="method" name="clone" visibility="public" complexity="1" crap="2" count="0"/>
      <line num="43" type="stmt" count="0"/>
      <line num="44" type="stmt" count="0"/>
      <line num="45" type="stmt" count="0"/>
      <line num="47" type="stmt" count="0"/>
      <line num="58" type="method" name="rmDirOrFail" visibility="public" complexity="3" crap="12" count="0"/>
      <line num="60" type="stmt" count="0"/>
      <line num="61" type="stmt" count="0"/>
      <line num="64" type="stmt" count="0"/>
      <line num="65" type="stmt" count="0"/>
      <line num="68" type="stmt" count="0"/>
      <line num="77" type="method" name="removeGitConfig" visibility="public" complexity="2" crap="6" count="0"/>
      <line num="79" type="stmt" count="0"/>
      <line num="80" type="stmt" count="0"/>
      <line num="81" type="stmt" count="0"/>
      <line num="83" type="stmt" count="0"/>
      <line num="84" type="stmt" count="0"/>
      <metrics loc="86" ncloc="55" classes="1" methods="4" coveredmethods="0" conditionals="0" coveredconditionals="0" statements="16" coveredstatements="0" elements="20" coveredelements="0"/>
    </file>
    <file name="/shared/httpd/pc_framework_seed/htdocs/src/Helper/Strings.php">
      <class name="PinkCrab\Plugin_Boilerplate_Builder\Helper\Strings" namespace="global">
        <metrics complexity="1" methods="1" coveredmethods="0" conditionals="0" coveredconditionals="0" statements="1" coveredstatements="0" elements="2" coveredelements="0"/>
      </class>
      <line num="25" type="method" name="doubleSlashes" visibility="public" complexity="1" crap="2" count="0"/>
      <line num="27" type="stmt" count="0"/>
      <metrics loc="29" ncloc="14" classes="1" methods="1" coveredmethods="0" conditionals="0" coveredconditionals="0" statements="1" coveredstatements="0" elements="2" coveredelements="0"/>
    </file>
    <metrics files="10" loc="1540" ncloc="943" classes="10" methods="95" coveredmethods="73" conditionals="0" coveredconditionals="0" statements="268" coveredstatements="143" elements="363" coveredelements="216"/>
  </project>
</coverage>
